<?xml version="1.0" encoding="UTF-8"?>
<testsuite xmlns:xsi="http://www.w3.org/2001/XMLSchema-instance" xsi:noNamespaceSchemaLocation="https://maven.apache.org/surefire/maven-surefire-plugin/xsd/surefire-test-report.xsd" name="com.miniaturebroccoli.ApplicationTests" time="4.065" tests="2" errors="0" skipped="0" failures="0">
  <properties>
[...]
</properties>
  <testcase name="d" classname="com.miniaturebroccoli.ApplicationTests" time="0.869"/>
  <testcase name="contextLoads" classname="com.miniaturebroccoli.ApplicationTests" time="0.084"/>
</testsuite>